# JRE version: OpenJDK Runtime Environment (8.0_232-b09) (build 1.8.0_232-8u232-b09-0ubuntu1~18.04.1-b09)
# Java VM: OpenJDK 64-Bit Server VM (25.232-b09 mixed mode linux-amd64 compressed oops)
Heap:
 garbage-first heap   total 292864K, used 140288K [0x00000000e0000000, 0x00000000e01008f0, 0x0000000100000000)
  region size 1024K, 4 young (4096K), 4 survivors (4096K)
 Metaspace       used 12985K, capacity 13154K, committed 13312K, reserved 1060864K
  class space    used 1421K, capacity 1483K, committed 1536K, reserved 1048576K
GC Heap History (10 events):
Event: 11,949 GC heap after
Heap after GC invocations=14 (full 0):
 garbage-first heap   total 78848K, used 67584K [0x00000000e0000000, 0x00000000e0100268, 0x0000000100000000)
  region size 1024K, 1 young (1024K), 1 survivors (1024K)
 Metaspace       used 12985K, capacity 13154K, committed 13312K, reserved 1060864K
  class space    used 1421K, capacity 1483K, committed 1536K, reserved 1048576K
}
Event: 11,950 GC heap before
{Heap before GC invocations=14 (full 0):
 garbage-first heap   total 78848K, used 69632K [0x00000000e0000000, 0x00000000e0100268, 0x0000000100000000)
  region size 1024K, 3 young (3072K), 1 survivors (1024K)
 Metaspace       used 12985K, capacity 13154K, committed 13312K, reserved 1060864K
  class space    used 1421K, capacity 1483K, committed 1536K, reserved 1048576K
Event: 11,958 GC heap after
Heap after GC invocations=15 (full 0):
 garbage-first heap   total 78848K, used 70144K [0x00000000e0000000, 0x00000000e0100268, 0x0000000100000000)
  region size 1024K, 1 young (1024K), 1 survivors (1024K)
 Metaspace       used 12985K, capacity 13154K, committed 13312K, reserved 1060864K
  class space    used 1421K, capacity 1483K, committed 1536K, reserved 1048576K
}
Event: 11,960 GC heap before
{Heap before GC invocations=15 (full 0):
 garbage-first heap   total 78848K, used 72192K [0x00000000e0000000, 0x00000000e0100268, 0x0000000100000000)
  region size 1024K, 3 young (3072K), 1 survivors (1024K)
 Metaspace       used 12985K, capacity 13154K, committed 13312K, reserved 1060864K
  class space    used 1421K, capacity 1483K, committed 1536K, reserved 1048576K
Event: 11,968 GC heap after
Heap after GC invocations=16 (full 0):
 garbage-first heap   total 78848K, used 72704K [0x00000000e0000000, 0x00000000e0100268, 0x0000000100000000)
  region size 1024K, 1 young (1024K), 1 survivors (1024K)
 Metaspace       used 12985K, capacity 13154K, committed 13312K, reserved 1060864K
  class space    used 1421K, capacity 1483K, committed 1536K, reserved 1048576K
}
Event: 11,970 GC heap before
{Heap before GC invocations=16 (full 0):
 garbage-first heap   total 78848K, used 74752K [0x00000000e0000000, 0x00000000e0100268, 0x0000000100000000)
  region size 1024K, 3 young (3072K), 1 survivors (1024K)
 Metaspace       used 12985K, capacity 13154K, committed 13312K, reserved 1060864K
  class space    used 1421K, capacity 1483K, committed 1536K, reserved 1048576K
Event: 11,980 GC heap after
Heap after GC invocations=17 (full 0):
 garbage-first heap   total 161792K, used 75264K [0x00000000e0000000, 0x00000000e01004f0, 0x0000000100000000)
  region size 1024K, 1 young (1024K), 1 survivors (1024K)
 Metaspace       used 12985K, capacity 13154K, committed 13312K, reserved 1060864K
  class space    used 1421K, capacity 1483K, committed 1536K, reserved 1048576K
}
Event: 12,133 GC heap before
{Heap before GC invocations=18 (full 0):
 garbage-first heap   total 161792K, used 112128K [0x00000000e0000000, 0x00000000e01004f0, 0x0000000100000000)
  region size 1024K, 37 young (37888K), 1 survivors (1024K)
 Metaspace       used 12985K, capacity 13154K, committed 13312K, reserved 1060864K
  class space    used 1421K, capacity 1483K, committed 1536K, reserved 1048576K
Event: 12,284 GC heap after
Heap after GC invocations=19 (full 0):
 garbage-first heap   total 234496K, used 113152K [0x00000000e0000000, 0x00000000e0100728, 0x0000000100000000)
  region size 1024K, 5 young (5120K), 5 survivors (5120K)
 Metaspace       used 12985K, capacity 13154K, committed 13312K, reserved 1060864K
  class space    used 1421K, capacity 1483K, committed 1536K, reserved 1048576K
}
Event: 12,419 GC heap before
{Heap before GC invocations=19 (full 0):
 garbage-first heap   total 234496K, used 140800K [0x00000000e0000000, 0x00000000e0100728, 0x0000000100000000)
  region size 1024K, 32 young (32768K), 5 survivors (5120K)
 Metaspace       used 12985K, capacity 13154K, committed 13312K, reserved 1060864K
  class space    used 1421K, capacity 1483K, committed 1536K, reserved 1048576K

